<?xml version="1.0" encoding="UTF-8"?>
<testng-results ignored="0" total="1" passed="1" failed="0" skipped="0">
  <reporter-output>
  </reporter-output>
  <suite started-at="2021-10-07T13:24:05 IST" name="Surefire suite" finished-at="2021-10-07T13:24:05 IST" duration-ms="28">
    <groups>
    </groups>
    <test started-at="2021-10-07T13:24:05 IST" name="Surefire test" finished-at="2021-10-07T13:24:05 IST" duration-ms="28">
      <class name="com.farnell.bdd_framework.AppTest">
        <test-method signature="shouldAnswerWithTrue()" started-at="2021-10-07T13:24:05 IST" name="shouldAnswerWithTrue" finished-at="2021-10-07T13:24:05 IST" duration-ms="4" status="PASS">
          <reporter-output>
          </reporter-output>
        </test-method> <!-- shouldAnswerWithTrue -->
      </class> <!-- com.farnell.bdd_framework.AppTest -->
    </test> <!-- Surefire test -->
  </suite> <!-- Surefire suite -->
</testng-results>
